<?xml version="1.0" encoding="UTF-8"?>
<!-- Generated by org.testng.reporters.JUnitXMLReporter -->
<testsuite ignored="0" hostname="jay" failures="1" tests="1" name="Test" time="46.974" errors="0" timestamp="2024-01-18T08:28:09 EST">
  <testcase classname="com.qa.testcases.PaymentPageTest" name="yourTest" time="31.364">
    <failure type="org.openqa.selenium.NoSuchElementException" message="Unable to locate element: //div[@class=&amp;apos;s-widget-container s-spacing-small s-widget-container-height-small celwidget slot=MAIN template=SEARCH_RESULTS widgetId=search-results_1&amp;apos;]//div[@class=&amp;apos;rush-component&amp;apos;]//div[contains(@class,&amp;apos;rush-component s-featured-result-item&amp;apos;)]//span[@class=&amp;apos;a-declarative&amp;apos;]//div[@class=&amp;apos;puis-card-container s-card-container s-overflow-hidden aok-relative puis-include-content-margin puis puis-v1sbs6puudm3ke1y3ir67nn0k6e s-latency-cf-section puis-card-border&amp;apos;]//div[@class=&amp;apos;a-section&amp;apos;]//div[@class=&amp;apos;puisg-row&amp;apos;]//div[@class=&amp;apos;puisg-col puisg-col-4-of-12 puisg-col-4-of-16 puisg-col-4-of-20 puisg-col-4-of-24 puis-list-col-left&amp;apos;]//div[@class=&amp;apos;puisg-col-inner&amp;apos;]//div[@class=&amp;apos;s-product-image-container aok-relative s-text-center s-image-overlay-grey puis-image-overlay-grey s-padding-left-small s-padding-right-small puis-flex-expand-height puis puis-v1sbs6puudm3ke1y3ir67nn0k6e&amp;apos;]//div[@class=&amp;apos;aok-relative&amp;apos;]//span[@class=&amp;apos;rush-component&amp;apos;]//a[@class=&amp;apos;a-link-normal s-no-outline&amp;apos;]//div[@class=&amp;apos;a-section aok-relative s-image-fixed-height&amp;apos;]//img[@class=&amp;apos;s-image&amp;apos;]
For documentation on this error, please visit: https://www.selenium.dev/documentation/webdriver/troubleshooting/errors#no-such-element-exception
Build info: version: &amp;apos;4.16.1&amp;apos;, revision: &amp;apos;9b4c83354e&amp;apos;
System info: os.name: &amp;apos;Windows 11&amp;apos;, os.arch: &amp;apos;amd64&amp;apos;, os.version: &amp;apos;10.0&amp;apos;, java.version: &amp;apos;17.0.9&amp;apos;
Driver info: org.openqa.selenium.firefox.FirefoxDriver
Command: [5645466e-438d-44ac-9b1d-d4113c5221b9, findElement {using=xpath, value=//div[@class=&amp;apos;s-widget-container s-spacing-small s-widget-container-height-small celwidget slot=MAIN template=SEARCH_RESULTS widgetId=search-results_1&amp;apos;]//div[@class=&amp;apos;rush-component&amp;apos;]//div[contains(@class,&amp;apos;rush-component s-featured-result-item&amp;apos;)]//span[@class=&amp;apos;a-declarative&amp;apos;]//div[@class=&amp;apos;puis-card-container s-card-container s-overflow-hidden aok-relative puis-include-content-margin puis puis-v1sbs6puudm3ke1y3ir67nn0k6e s-latency-cf-section puis-card-border&amp;apos;]//div[@class=&amp;apos;a-section&amp;apos;]//div[@class=&amp;apos;puisg-row&amp;apos;]//div[@class=&amp;apos;puisg-col puisg-col-4-of-12 puisg-col-4-of-16 puisg-col-4-of-20 puisg-col-4-of-24 puis-list-col-left&amp;apos;]//div[@class=&amp;apos;puisg-col-inner&amp;apos;]//div[@class=&amp;apos;s-product-image-container aok-relative s-text-center s-image-overlay-grey puis-image-overlay-grey s-padding-left-small s-padding-right-small puis-flex-expand-height puis puis-v1sbs6puudm3ke1y3ir67nn0k6e&amp;apos;]//div[@class=&amp;apos;aok-relative&amp;apos;]//span[@class=&amp;apos;rush-component&amp;apos;]//a[@class=&amp;apos;a-link-normal s-no-outline&amp;apos;]//div[@class=&amp;apos;a-section aok-relative s-image-fixed-height&amp;apos;]//img[@class=&amp;apos;s-image&amp;apos;]}]
Capabilities {acceptInsecureCerts: true, browserName: firefox, browserVersion: 121.0.1, moz:accessibilityChecks: false, moz:buildID: 20240108143603, moz:debuggerAddress: 127.0.0.1:9792, moz:geckodriverVersion: 0.34.0, moz:headless: false, moz:platformVersion: 10.0, moz:processID: 38608, moz:profile: C:\Users\jaybr\AppData\Loca..., moz:shutdownTimeout: 60000, moz:webdriverClick: true, moz:windowless: false, pageLoadStrategy: normal, platformName: windows, proxy: Proxy(), se:cdp: ws://127.0.0.1:9792/devtool..., se:cdpVersion: 85.0, setWindowRect: true, strictFileInteractability: false, timeouts: {implicit: 0, pageLoad: 300000, script: 30000}, unhandledPromptBehavior: dismiss and notify}
Session ID: 5645466e-438d-44ac-9b1d-d4113c5221b9">
      <![CDATA[org.openqa.selenium.NoSuchElementException: Unable to locate element: //div[@class='s-widget-container s-spacing-small s-widget-container-height-small celwidget slot=MAIN template=SEARCH_RESULTS widgetId=search-results_1']//div[@class='rush-component']//div[contains(@class,'rush-component s-featured-result-item')]//span[@class='a-declarative']//div[@class='puis-card-container s-card-container s-overflow-hidden aok-relative puis-include-content-margin puis puis-v1sbs6puudm3ke1y3ir67nn0k6e s-latency-cf-section puis-card-border']//div[@class='a-section']//div[@class='puisg-row']//div[@class='puisg-col puisg-col-4-of-12 puisg-col-4-of-16 puisg-col-4-of-20 puisg-col-4-of-24 puis-list-col-left']//div[@class='puisg-col-inner']//div[@class='s-product-image-container aok-relative s-text-center s-image-overlay-grey puis-image-overlay-grey s-padding-left-small s-padding-right-small puis-flex-expand-height puis puis-v1sbs6puudm3ke1y3ir67nn0k6e']//div[@class='aok-relative']//span[@class='rush-component']//a[@class='a-link-normal s-no-outline']//div[@class='a-section aok-relative s-image-fixed-height']//img[@class='s-image']
For documentation on this error, please visit: https://www.selenium.dev/documentation/webdriver/troubleshooting/errors#no-such-element-exception
Build info: version: '4.16.1', revision: '9b4c83354e'
System info: os.name: 'Windows 11', os.arch: 'amd64', os.version: '10.0', java.version: '17.0.9'
Driver info: org.openqa.selenium.firefox.FirefoxDriver
Command: [5645466e-438d-44ac-9b1d-d4113c5221b9, findElement {using=xpath, value=//div[@class='s-widget-container s-spacing-small s-widget-container-height-small celwidget slot=MAIN template=SEARCH_RESULTS widgetId=search-results_1']//div[@class='rush-component']//div[contains(@class,'rush-component s-featured-result-item')]//span[@class='a-declarative']//div[@class='puis-card-container s-card-container s-overflow-hidden aok-relative puis-include-content-margin puis puis-v1sbs6puudm3ke1y3ir67nn0k6e s-latency-cf-section puis-card-border']//div[@class='a-section']//div[@class='puisg-row']//div[@class='puisg-col puisg-col-4-of-12 puisg-col-4-of-16 puisg-col-4-of-20 puisg-col-4-of-24 puis-list-col-left']//div[@class='puisg-col-inner']//div[@class='s-product-image-container aok-relative s-text-center s-image-overlay-grey puis-image-overlay-grey s-padding-left-small s-padding-right-small puis-flex-expand-height puis puis-v1sbs6puudm3ke1y3ir67nn0k6e']//div[@class='aok-relative']//span[@class='rush-component']//a[@class='a-link-normal s-no-outline']//div[@class='a-section aok-relative s-image-fixed-height']//img[@class='s-image']}]
Capabilities {acceptInsecureCerts: true, browserName: firefox, browserVersion: 121.0.1, moz:accessibilityChecks: false, moz:buildID: 20240108143603, moz:debuggerAddress: 127.0.0.1:9792, moz:geckodriverVersion: 0.34.0, moz:headless: false, moz:platformVersion: 10.0, moz:processID: 38608, moz:profile: C:\Users\jaybr\AppData\Loca..., moz:shutdownTimeout: 60000, moz:webdriverClick: true, moz:windowless: false, pageLoadStrategy: normal, platformName: windows, proxy: Proxy(), se:cdp: ws://127.0.0.1:9792/devtool..., se:cdpVersion: 85.0, setWindowRect: true, strictFileInteractability: false, timeouts: {implicit: 0, pageLoad: 300000, script: 30000}, unhandledPromptBehavior: dismiss and notify}
Session ID: 5645466e-438d-44ac-9b1d-d4113c5221b9
at org.openqa.selenium.remote.codec.w3c.W3CHttpResponseCodec.createException(W3CHttpResponseCodec.java:200)
at org.openqa.selenium.remote.codec.w3c.W3CHttpResponseCodec.decode(W3CHttpResponseCodec.java:133)
at org.openqa.selenium.remote.codec.w3c.W3CHttpResponseCodec.decode(W3CHttpResponseCodec.java:52)
at org.openqa.selenium.remote.HttpCommandExecutor.execute(HttpCommandExecutor.java:191)
at org.openqa.selenium.remote.service.DriverCommandExecutor.invokeExecute(DriverCommandExecutor.java:200)
at org.openqa.selenium.remote.service.DriverCommandExecutor.execute(DriverCommandExecutor.java:175)
at org.openqa.selenium.remote.RemoteWebDriver.execute(RemoteWebDriver.java:523)
at org.openqa.selenium.remote.ElementLocation$ElementFinder$2.findElement(ElementLocation.java:165)
at org.openqa.selenium.remote.ElementLocation.findElement(ElementLocation.java:59)
at org.openqa.selenium.remote.RemoteWebDriver.findElement(RemoteWebDriver.java:360)
at org.openqa.selenium.remote.RemoteWebDriver.findElement(RemoteWebDriver.java:354)
at org.openqa.selenium.support.pagefactory.DefaultElementLocator.findElement(DefaultElementLocator.java:68)
at org.openqa.selenium.support.pagefactory.internal.LocatingElementHandler.invoke(LocatingElementHandler.java:38)
at jdk.proxy2/jdk.proxy2.$Proxy12.click(Unknown Source)
at com.qa.pages.PaymentPage.addcard(PaymentPage.java:68)
at com.qa.testcases.PaymentPageTest.yourTest(PaymentPageTest.java:43)
at java.base/java.util.ArrayList.forEach(ArrayList.java:1511)
... Removed 32 stack frames]]>
    </failure>
  </testcase> <!-- yourTest -->
</testsuite> <!-- Test -->
